#
# There is insufficient memory for the Java Runtime Environment to continue.
# Native memory allocation (malloc) failed to allocate 288016 bytes for Chunk::new
# Possible reasons:
#   The system is out of physical RAM or swap space
#   In 32 bit mode, the process size limit was hit
# Possible solutions:
#   Reduce memory load on the system
#   Increase physical memory or swap space
#   Check if swap backing store is full
#   Use 64 bit Java on a 64 bit OS
#   Decrease Java heap size (-Xmx/-Xms)
#   Decrease number of Java threads
#   Decrease Java thread stack sizes (-Xss)
#   Set larger code cache with -XX:ReservedCodeCacheSize=
# This output file may be truncated or incomplete.
#
#  Out of Memory Error (allocation.cpp:390), pid=3812, tid=0x0000000000001748
#
# JRE version: Java(TM) SE Runtime Environment (8.0_101-b13) (build 1.8.0_101-b13)
# Java VM: Java HotSpot(TM) 64-Bit Server VM (25.101-b13 mixed mode windows-amd64 compressed oops)
# Failed to write core dump. Minidumps are not enabled by default on client versions of Windows
#

---------------  T H R E A D  ---------------

Current thread (0x0000000054cc6000):  JavaThread "C2 CompilerThread0" daemon [_thread_in_native, id=5960, stack(0x0000000055e20000,0x0000000055f20000)]

Stack: [0x0000000055e20000,0x0000000055f20000]
[error occurred during error reporting (printing stack bounds), id 0xc0000005]

Native frames: (J=compiled Java code, j=interpreted, Vv=VM code, C=native code)


Current CompileTask:
C2: 293149 6078       4       java.net.URLStreamHandler::parseURL (1158 bytes)


---------------  P R O C E S S  ---------------

Java Threads: ( => current thread )
  0x000000005b9c0800 JavaThread "http-nio-8090-exec-2" daemon [_thread_blocked, id=2968, stack(0x000000005a900000,0x000000005aa00000)]
  0x000000005b9c0000 JavaThread "http-nio-8090-exec-1" daemon [_thread_blocked, id=6100, stack(0x0000000058af0000,0x0000000058bf0000)]
  0x0000000059357800 JavaThread "DestroyJavaVM" [_thread_blocked, id=5804, stack(0x00000000022e0000,0x00000000023e0000)]
  0x0000000059356800 JavaThread "http-nio-8090-Acceptor-0" daemon [_thread_in_native, id=5444, stack(0x000000005ed70000,0x000000005ee70000)]
  0x0000000059356000 JavaThread "http-nio-8090-ClientPoller-1" daemon [_thread_in_native, id=4248, stack(0x000000005ec60000,0x000000005ed60000)]
  0x0000000059355000 JavaThread "http-nio-8090-ClientPoller-0" daemon [_thread_in_native, id=5928, stack(0x000000005ead0000,0x000000005ebd0000)]
  0x0000000059354800 JavaThread "NioBlockingSelector.BlockPoller-1" daemon [_thread_in_native, id=2824, stack(0x0000000057250000,0x0000000057350000)]
  0x0000000059353800 JavaThread "container-0" [_thread_blocked, id=1984, stack(0x000000005ce00000,0x000000005cf00000)]
  0x0000000059352800 JavaThread "ContainerBackgroundProcessor[StandardEngine[Tomcat].StandardHost[localhost].StandardContext[]]" daemon [_thread_blocked, id=4144, stack(0x000000005cab0000,0x000000005cbb0000)]
  0x0000000059352000 JavaThread "Abandoned connection cleanup thread" daemon [_thread_blocked, id=776, stack(0x00000000583e0000,0x00000000584e0000)]
  0x0000000059351000 JavaThread "Tomcat JDBC Pool Cleaner[764308918:1479119573238]" daemon [_thread_blocked, id=4308, stack(0x000000005c190000,0x000000005c290000)]
  0x0000000056c8a800 JavaThread "Monitor Ctrl-Break" daemon [_thread_in_native, id=5236, stack(0x0000000057130000,0x0000000057230000)]
  0x0000000055f51000 JavaThread "Service Thread" daemon [_thread_blocked, id=4480, stack(0x00000000566b0000,0x00000000567b0000)]
  0x0000000054d18000 JavaThread "C1 CompilerThread1" daemon [_thread_blocked, id=4888, stack(0x0000000056400000,0x0000000056500000)]
=>0x0000000054cc6000 JavaThread "C2 CompilerThread0" daemon [_thread_in_native, id=5960, stack(0x0000000055e20000,0x0000000055f20000)]
  0x0000000054cc4800 JavaThread "Attach Listener" daemon [_thread_blocked, id=2924, stack(0x0000000055d20000,0x0000000055e20000)]
  0x0000000054cc3000 JavaThread "Signal Dispatcher" daemon [_thread_blocked, id=4196, stack(0x0000000055b80000,0x0000000055c80000)]
  0x0000000054ca8000 JavaThread "Finalizer" daemon [_thread_blocked, id=4224, stack(0x0000000055930000,0x0000000055a30000)]
  0x0000000054c5f000 JavaThread "Reference Handler" daemon [_thread_blocked, id=1584, stack(0x0000000055a70000,0x0000000055b70000)]

Other Threads:
  0x0000000054c57000 VMThread [stack: 0x0000000055790000,0x0000000055890000] [id=804]
  0x0000000055f7a000 WatcherThread [stack: 0x0000000056500000,0x0000000056600000] [id=4952]

VM state:not at safepoint (normal execution)

VM Mutex/Monitor currently owned by a thread: None

Heap:
 PSYoungGen      total 313344K, used 233891K [0x00000000eb300000, 0x0000000100000000, 0x0000000100000000)
  eden space 295936K, 79% used [0x00000000eb300000,0x00000000f9768db0,0x00000000fd400000)
  from space 17408K, 0% used [0x00000000fd400000,0x00000000fd400000,0x00000000fe500000)
  to   space 24064K, 0% used [0x00000000fe880000,0x00000000fe880000,0x0000000100000000)
 ParOldGen       total 113152K, used 54060K [0x00000000c1800000, 0x00000000c8680000, 0x00000000eb300000)
  object space 113152K, 47% used [0x00000000c1800000,0x00000000c4ccb1c8,0x00000000c8680000)
 Metaspace       used 55046K, capacity 55682K, committed 56064K, reserved 1097728K
  class space    used 6965K, capacity 7125K, committed 7168K, reserved 1048576K

Card table byte_map: [0x0000000011b60000,0x0000000011d60000] byte_map_base: 0x0000000011554000

Marking Bits: (ParMarkBitMap*) 0x00000000650ca6d0
 Begin Bits: [0x00000000121e0000, 0x0000000013180000)
 End Bits:   [0x0000000013180000, 0x0000000014120000)

Polling page: 0x0000000000230000

CodeCache: size=245760Kb used=17709Kb max_used=17709Kb free=228050Kb
 bounds [0x00000000027a0000, 0x0000000003900000, 0x00000000117a0000]
 total_blobs=5852 nmethods=5279 adapters=487
 compilation: enabled

Compilation events (10 events):
Event: 292.883 Thread 0x0000000054d18000 6080       3       java.lang.CharacterDataLatin1::isJavaIdentifierPart (20 bytes)
Event: 292.883 Thread 0x0000000054d18000 nmethod 6080 0x00000000038faad0 code [0x00000000038fac40, 0x00000000038fae90]
Event: 292.883 Thread 0x0000000054d18000 6081       3       java.lang.Character::isJavaIdentifierPart (9 bytes)
Event: 292.883 Thread 0x0000000054d18000 nmethod 6081 0x00000000038fafd0 code [0x00000000038fb140, 0x00000000038fb378]
Event: 292.930 Thread 0x0000000054d18000 6083       1       org.hibernate.engine.internal.EntityEntryContext$ManagedEntityImpl::$$_hibernate_getNextManagedEntity (5 bytes)
Event: 292.930 Thread 0x0000000054d18000 nmethod 6083 0x00000000038fb450 code [0x00000000038fb5a0, 0x00000000038fb6b0]
Event: 292.930 Thread 0x0000000054d18000 6084       3       java.lang.ThreadLocal::remove (18 bytes)
Event: 292.931 Thread 0x0000000054d18000 nmethod 6084 0x00000000038fb710 code [0x00000000038fb8a0, 0x00000000038fbb98]
Event: 292.931 Thread 0x0000000054d18000 6085       3       java.lang.ThreadLocal$ThreadLocalMap::access$200 (6 bytes)
Event: 292.931 Thread 0x0000000054d18000 nmethod 6085 0x00000000038fbcd0 code [0x00000000038fbe40, 0x00000000038fbfa8]

GC Heap History (10 events):
Event: 19.408 GC heap before
{Heap before GC invocations=10 (full 1):
 PSYoungGen      total 271872K, used 262144K [0x00000000eb300000, 0x00000000fc700000, 0x0000000100000000)
  eden space 262144K, 100% used [0x00000000eb300000,0x00000000fb300000,0x00000000fb300000)
  from space 9728K, 0% used [0x00000000fbd80000,0x00000000fbd80000,0x00000000fc700000)
  to   space 10240K, 0% used [0x00000000fb300000,0x00000000fb300000,0x00000000fbd00000)
 ParOldGen       total 41984K, used 14642K [0x00000000c1800000, 0x00000000c4100000, 0x00000000eb300000)
  object space 41984K, 34% used [0x00000000c1800000,0x00000000c264c8c8,0x00000000c4100000)
 Metaspace       used 27225K, capacity 27454K, committed 27776K, reserved 1073152K
  class space    used 3384K, capacity 3430K, committed 3456K, reserved 1048576K
Event: 19.500 GC heap after
Heap after GC invocations=10 (full 1):
 PSYoungGen      total 272384K, used 10217K [0x00000000eb300000, 0x0000000100000000, 0x0000000100000000)
  eden space 262144K, 0% used [0x00000000eb300000,0x00000000eb300000,0x00000000fb300000)
  from space 10240K, 99% used [0x00000000fb300000,0x00000000fbcfa408,0x00000000fbd00000)
  to   space 20992K, 0% used [0x00000000feb80000,0x00000000feb80000,0x0000000100000000)
 ParOldGen       total 41984K, used 37721K [0x00000000c1800000, 0x00000000c4100000, 0x00000000eb300000)
  object space 41984K, 89% used [0x00000000c1800000,0x00000000c3cd6790,0x00000000c4100000)
 Metaspace       used 27225K, capacity 27454K, committed 27776K, reserved 1073152K
  class space    used 3384K, capacity 3430K, committed 3456K, reserved 1048576K
}
Event: 19.500 GC heap before
{Heap before GC invocations=11 (full 2):
 PSYoungGen      total 272384K, used 10217K [0x00000000eb300000, 0x0000000100000000, 0x0000000100000000)
  eden space 262144K, 0% used [0x00000000eb300000,0x00000000eb300000,0x00000000fb300000)
  from space 10240K, 99% used [0x00000000fb300000,0x00000000fbcfa408,0x00000000fbd00000)
  to   space 20992K, 0% used [0x00000000feb80000,0x00000000feb80000,0x0000000100000000)
 ParOldGen       total 41984K, used 37721K [0x00000000c1800000, 0x00000000c4100000, 0x00000000eb300000)
  object space 41984K, 89% used [0x00000000c1800000,0x00000000c3cd6790,0x00000000c4100000)
 Metaspace       used 27225K, capacity 27454K, committed 27776K, reserved 1073152K
  class space    used 3384K, capacity 3430K, committed 3456K, reserved 1048576K
Event: 19.911 GC heap after
Heap after GC invocations=11 (full 2):
 PSYoungGen      total 272384K, used 487K [0x00000000eb300000, 0x0000000100000000, 0x0000000100000000)
  eden space 262144K, 0% used [0x00000000eb300000,0x00000000eb300000,0x00000000fb300000)
  from space 10240K, 4% used [0x00000000fb300000,0x00000000fb379f50,0x00000000fbd00000)
  to   space 20992K, 0% used [0x00000000feb80000,0x00000000feb80000,0x0000000100000000)
 ParOldGen       total 88576K, used 41934K [0x00000000c1800000, 0x00000000c6e80000, 0x00000000eb300000)
  object space 88576K, 47% used [0x00000000c1800000,0x00000000c40f3960,0x00000000c6e80000)
 Metaspace       used 27225K, capacity 27454K, committed 27776K, reserved 1073152K
  class space    used 3384K, capacity 3430K, committed 3456K, reserved 1048576K
}
Event: 26.686 GC heap before
{Heap before GC invocations=12 (full 2):
 PSYoungGen      total 272384K, used 262631K [0x00000000eb300000, 0x0000000100000000, 0x0000000100000000)
  eden space 262144K, 100% used [0x00000000eb300000,0x00000000fb300000,0x00000000fb300000)
  from space 10240K, 4% used [0x00000000fb300000,0x00000000fb379f50,0x00000000fbd00000)
  to   space 20992K, 0% used [0x00000000feb80000,0x00000000feb80000,0x0000000100000000)
 ParOldGen       total 88576K, used 41934K [0x00000000c1800000, 0x00000000c6e80000, 0x00000000eb300000)
  object space 88576K, 47% used [0x00000000c1800000,0x00000000c40f3960,0x00000000c6e80000)
 Metaspace       used 39431K, capacity 39792K, committed 40192K, reserved 1085440K
  class space    used 4990K, capacity 5085K, committed 5120K, reserved 1048576K
Event: 26.758 GC heap after
Heap after GC invocations=12 (full 2):
 PSYoungGen      total 316928K, used 16511K [0x00000000eb300000, 0x0000000100000000, 0x0000000100000000)
  eden space 295936K, 0% used [0x00000000eb300000,0x00000000eb300000,0x00000000fd400000)
  from space 20992K, 78% used [0x00000000feb80000,0x00000000ffb9fd70,0x0000000100000000)
  to   space 22528K, 0% used [0x00000000fd400000,0x00000000fd400000,0x00000000fea00000)
 ParOldGen       total 88576K, used 41942K [0x00000000c1800000, 0x00000000c6e80000, 0x00000000eb300000)
  object space 88576K, 47% used [0x00000000c1800000,0x00000000c40f5960,0x00000000c6e80000)
 Metaspace       used 39431K, capacity 39792K, committed 40192K, reserved 1085440K
  class space    used 4990K, capacity 5085K, committed 5120K, reserved 1048576K
}
Event: 34.543 GC heap before
{Heap before GC invocations=13 (full 2):
 PSYoungGen      total 316928K, used 207057K [0x00000000eb300000, 0x0000000100000000, 0x0000000100000000)
  eden space 295936K, 64% used [0x00000000eb300000,0x00000000f6d14698,0x00000000fd400000)
  from space 20992K, 78% used [0x00000000feb80000,0x00000000ffb9fd70,0x0000000100000000)
  to   space 22528K, 0% used [0x00000000fd400000,0x00000000fd400000,0x00000000fea00000)
 ParOldGen       total 88576K, used 41942K [0x00000000c1800000, 0x00000000c6e80000, 0x00000000eb300000)
  object space 88576K, 47% used [0x00000000c1800000,0x00000000c40f5960,0x00000000c6e80000)
 Metaspace       used 45544K, capacity 45938K, committed 46296K, reserved 1089536K
  class space    used 5810K, capacity 5924K, committed 6016K, reserved 1048576K
Event: 34.650 GC heap after
Heap after GC invocations=13 (full 2):
 PSYoungGen      total 313344K, used 17400K [0x00000000eb300000, 0x0000000100000000, 0x0000000100000000)
  eden space 295936K, 0% used [0x00000000eb300000,0x00000000eb300000,0x00000000fd400000)
  from space 17408K, 99% used [0x00000000fd400000,0x00000000fe4fe260,0x00000000fe500000)
  to   space 24064K, 0% used [0x00000000fe880000,0x00000000fe880000,0x0000000100000000)
 ParOldGen       total 88576K, used 41950K [0x00000000c1800000, 0x00000000c6e80000, 0x00000000eb300000)
  object space 88576K, 47% used [0x00000000c1800000,0x00000000c40f7960,0x00000000c6e80000)
 Metaspace       used 45544K, capacity 45938K, committed 46296K, reserved 1089536K
  class space    used 5810K, capacity 5924K, committed 6016K, reserved 1048576K
}
Event: 34.650 GC heap before
{Heap before GC invocations=14 (full 3):
 PSYoungGen      total 313344K, used 17400K [0x00000000eb300000, 0x0000000100000000, 0x0000000100000000)
  eden space 295936K, 0% used [0x00000000eb300000,0x00000000eb300000,0x00000000fd400000)
  from space 17408K, 99% used [0x00000000fd400000,0x00000000fe4fe260,0x00000000fe500000)
  to   space 24064K, 0% used [0x00000000fe880000,0x00000000fe880000,0x0000000100000000)
 ParOldGen       total 88576K, used 41950K [0x00000000c1800000, 0x00000000c6e80000, 0x00000000eb300000)
  object space 88576K, 47% used [0x00000000c1800000,0x00000000c40f7960,0x00000000c6e80000)
 Metaspace       used 45544K, capacity 45938K, committed 46296K, reserved 1089536K
  class space    used 5810K, capacity 5924K, committed 6016K, reserved 1048576K
Event: 35.463 GC heap after
Heap after GC invocations=14 (full 3):
 PSYoungGen      total 313344K, used 0K [0x00000000eb300000, 0x0000000100000000, 0x0000000100000000)
  eden space 295936K, 0% used [0x00000000eb300000,0x00000000eb300000,0x00000000fd400000)
  from space 17408K, 0% used [0x00000000fd400000,0x00000000fd400000,0x00000000fe500000)
  to   space 24064K, 0% used [0x00000000fe880000,0x00000000fe880000,0x0000000100000000)
 ParOldGen       total 113152K, used 54060K [0x00000000c1800000, 0x00000000c8680000, 0x00000000eb300000)
  object space 113152K, 47% used [0x00000000c1800000,0x00000000c4ccb1c8,0x00000000c8680000)
 Metaspace       used 45544K, capacity 45938K, committed 46296K, reserved 1089536K
  class space    used 5810K, capacity 5924K, committed 6016K, reserved 1048576K
}

Deoptimization events (10 events):
Event: 290.337 Thread 0x000000005b9c0800 Uncommon trap: reason=unstable_if action=reinterpret pc=0x000000000327c91c method=java.security.CodeSource.getCertificates()[Ljava/security/cert/Certificate; @ 22
Event: 290.340 Thread 0x000000005b9c0800 Uncommon trap: reason=unstable_if action=reinterpret pc=0x00000000037e1d98 method=java.lang.ClassLoader.compareCerts([Ljava/security/cert/Certificate;[Ljava/security/cert/Certificate;)Z @ 1
Event: 290.749 Thread 0x000000005b9c0800 Uncommon trap: reason=bimorphic action=maybe_recompile pc=0x00000000028d7a84 method=java.lang.StringCoding$StringDecoder.charsetName()Ljava/lang/String; @ 17
Event: 290.830 Thread 0x000000005b9c0800 Uncommon trap: reason=unstable_if action=reinterpret pc=0x0000000002fb7f9c method=java.util.jar.JarFile.maybeInstantiateVerifier()V @ 75
Event: 290.844 Thread 0x000000005b9c0800 Uncommon trap: reason=unstable_if action=reinterpret pc=0x0000000003824f7c method=java.io.ByteArrayInputStream.read()I @ 8
Event: 290.921 Thread 0x000000005b9c0800 Uncommon trap: reason=bimorphic action=maybe_recompile pc=0x00000000037d2f94 method=java.net.URL.<init>(Ljava/net/URL;Ljava/lang/String;Ljava/net/URLStreamHandler;)V @ 504
Event: 291.209 Thread 0x000000005b9c0800 Uncommon trap: reason=bimorphic action=maybe_recompile pc=0x00000000028d7a84 method=java.lang.StringCoding$StringDecoder.charsetName()Ljava/lang/String; @ 17
Event: 291.256 Thread 0x000000005b9c0800 Uncommon trap: reason=bimorphic action=maybe_recompile pc=0x0000000002997b34 method=java.util.Collections$UnmodifiableCollection.contains(Ljava/lang/Object;)Z @ 5
Event: 291.423 Thread 0x000000005b9c0800 Uncommon trap: reason=unstable_if action=reinterpret pc=0x0000000002cca568 method=sun.nio.cs.SingleByte$Encoder.encode([CII[B)I @ 40
Event: 292.770 Thread 0x000000005b9c0800 Uncommon trap: reason=bimorphic action=maybe_recompile pc=0x0000000003241cac method=java.util.AbstractList$Itr.next()Ljava/lang/Object; @ 14

Internal exceptions (10 events):
Event: 289.084 Thread 0x000000005b9c0000 Exception <a 'java/lang/ClassNotFoundException': java/lang/ObjectCustomizer> (0x00000000f5fd8758) thrown at [C:\re\workspace\8-2-build-windows-amd64-cygwin\jdk8u101\7261\hotspot\src\share\vm\classfile\systemDictionary.cpp, line 210]
Event: 289.087 Thread 0x000000005b9c0000 Exception <a 'java/lang/ClassNotFoundException': org/springframework/web/servlet/view/DefaultRequestToViewNameTranslatorCustomizer> (0x00000000f6011d18) thrown at [C:\re\workspace\8-2-build-windows-amd64-cygwin\jdk8u101\7261\hotspot\src\share\vm\classfile\p>ﬂêr@
Event: 289.098 Thread 0x000000005b9c0000 Exception <a 'java/lang/ClassNotFoundException': java/lang/ObjectCustomizer> (0x00000000f607a710) thrown at [C:\re\workspace\8-2-build-windows-amd64-cygwin\jdk8u101\7261\hotspot\src\share\vm\classfile\systemDictionary.cpp, line 210]
Event: 289.101 Thread 0x000000005b9c0000 Exception <a 'java/lang/ClassNotFoundException': org/springframework/web/servlet/support/AbstractFlashMapManagerCustomizer> (0x00000000f60afc10) thrown at [C:\re\workspace\8-2-build-windows-amd64-cygwin\jdk8u101\7261\hotspot\src\share\vm\classfile\systemDi∆r.≠r@
Event: 289.105 Thread 0x000000005b9c0000 Exception <a 'java/lang/ClassNotFoundException': org/springframework/web/servlet/support/SessionFlashMapManagerCustomizer> (0x00000000f60e8f90) thrown at [C:\re\workspace\8-2-build-windows-amd64-cygwin\jdk8u101\7261\hotspot\src\share\vm\classfile\systemDicá|Ïw˙r@
Event: 289.999 Thread 0x000000005b9c0800 Exception <a 'java/io/FileNotFoundException'> (0x00000000f82fbe60) thrown at [C:\re\workspace\8-2-build-windows-amd64-cygwin\jdk8u101\7261\hotspot\src\share\vm\prims\jni.cpp, line 709]
Event: 290.016 Thread 0x000000005b9c0800 Exception <a 'java/io/FileNotFoundException'> (0x00000000f83f99b8) thrown at [C:\re\workspace\8-2-build-windows-amd64-cygwin\jdk8u101\7261\hotspot\src\share\vm\prims\jni.cpp, line 709]
Event: 291.424 Thread 0x000000005b9c0800 Exception <a 'java/net/UnknownHostException': uzer-??.core-g.intelecom-s.com.ua> (0x00000000f93bb6d8) thrown at [C:\re\workspace\8-2-build-windows-amd64-cygwin\jdk8u101\7261\hotspot\src\share\vm\prims\jni.cpp, line 735]
Event: 291.785 Thread 0x000000005b9c0800 Exception <a 'java/io/FileNotFoundException'> (0x00000000f9405950) thrown at [C:\re\workspace\8-2-build-windows-amd64-cygwin\jdk8u101\7261\hotspot\src\share\vm\prims\jni.cpp, line 709]
Event: 291.786 Thread 0x000000005b9c0800 Exception <a 'java/io/FileNotFoundException'> (0x00000000f9406840) thrown at [C:\re\workspace\8-2-build-windows-amd64-cygwin\jdk8u101\7261\hotspot\src\share\vm\prims\jni.cpp, line 709]

Events (10 events):
Event: 292.897 loading class com/fasterxml/jackson/databind/ser/std/StdKeySerializers$Default
Event: 292.897 loading class com/fasterxml/jackson/databind/ser/std/StdKeySerializers$Default done
Event: 292.901 Executing VM operation: RevokeBias
Event: 292.901 Executing VM operation: RevokeBias done
Event: 292.907 Executing VM operation: RevokeBias
Event: 292.907 Executing VM operation: RevokeBias done
Event: 292.907 Executing VM operation: RevokeBias
Event: 292.907 Executing VM operation: RevokeBias done
Event: 292.932 Executing VM operation: RevokeBias
Event: 292.932 Executing VM operation: RevokeBias done


Dynamic libraries:
0x000000013f320000 - 0x000000013f357000 	C:\Program Files\Java\jdk1.8.0_101\bin\java.exe
0x0000000077010000 - 0x00000000771b9000 	C:\Windows\SYSTEM32\ntdll.dll
0x0000000076df0000 - 0x0000000076f0f000 	C:\Windows\system32\kernel32.dll
0x000007fefcf30000 - 0x000007fefcf9c000 	C:\Windows\system32\KERNELBASE.dll
0x000007fefe240000 - 0x000007fefe31b000 	C:\Windows\system32\ADVAPI32.dll
0x000007fefda60000 - 0x000007fefdaff000 	C:\Windows\system32\msvcrt.dll
0x000007fefd610000 - 0x000007fefd62f000 	C:\Windows\SYSTEM32\sechost.dll
0x000007fefdd80000 - 0x000007fefdead000 	C:\Windows\system32\RPCRT4.dll
0x0000000076f10000 - 0x000000007700a000 	C:\Windows\system32\USER32.dll
0x000007fefdb00000 - 0x000007fefdb67000 	C:\Windows\system32\GDI32.dll
0x000007feff240000 - 0x000007feff24e000 	C:\Windows\system32\LPK.dll
0x000007feff250000 - 0x000007feff319000 	C:\Windows\system32\USP10.dll
0x000007fefb850000 - 0x000007fefba44000 	C:\Windows\WinSxS\amd64_microsoft.windows.common-controls_6595b64144ccf1df_6.0.7601.17514_none_fa396087175ac9ac\COMCTL32.dll
0x000007fefdeb0000 - 0x000007fefdf21000 	C:\Windows\system32\SHLWAPI.dll
0x000007fefd320000 - 0x000007fefd34e000 	C:\Windows\system32\IMM32.DLL
0x000007fefe320000 - 0x000007fefe429000 	C:\Windows\system32\MSCTF.dll
0x00000000643f0000 - 0x00000000644c2000 	C:\Program Files\Java\jdk1.8.0_101\jre\bin\msvcr100.dll
0x00000000648b0000 - 0x000000006514a000 	C:\Program Files\Java\jdk1.8.0_101\jre\bin\server\jvm.dll
0x000007fefa130000 - 0x000007fefa139000 	C:\Windows\system32\WSOCK32.dll
0x000007feff1c0000 - 0x000007feff20d000 	C:\Windows\system32\WS2_32.dll
0x000007feff230000 - 0x000007feff238000 	C:\Windows\system32\NSI.dll
0x000007fef7710000 - 0x000007fef774b000 	C:\Windows\system32\WINMM.dll
0x000007fefbee0000 - 0x000007fefbeec000 	C:\Windows\system32\VERSION.dll
0x00000000771e0000 - 0x00000000771e7000 	C:\Windows\system32\PSAPI.DLL
0x00000000648a0000 - 0x00000000648af000 	C:\Program Files\Java\jdk1.8.0_101\jre\bin\verify.dll
0x0000000064870000 - 0x0000000064899000 	C:\Program Files\Java\jdk1.8.0_101\jre\bin\java.dll
0x0000000064820000 - 0x0000000064836000 	C:\Program Files\Java\jdk1.8.0_101\jre\bin\zip.dll
0x000007fefe430000 - 0x000007feff1b8000 	C:\Windows\system32\SHELL32.dll
0x000007fefdb70000 - 0x000007fefdd73000 	C:\Windows\system32\ole32.dll
0x000007fefce40000 - 0x000007fefce4f000 	C:\Windows\system32\profapi.dll
0x000007fef6260000 - 0x000007fef6270000 	C:\Program Files (x86)\JetBrains\IntelliJ IDEA 2016.2.2\bin\breakgen64.dll
0x0000000064800000 - 0x000000006481a000 	C:\Program Files\Java\jdk1.8.0_101\jre\bin\net.dll
0x000007fefc620000 - 0x000007fefc675000 	C:\Windows\system32\mswsock.dll
0x000007fefc610000 - 0x000007fefc617000 	C:\Windows\System32\wship6.dll
0x00000000645e0000 - 0x00000000645ed000 	C:\Program Files\Java\jdk1.8.0_101\jre\bin\management.dll
0x000007fefa700000 - 0x000007fefa715000 	C:\Windows\system32\NLAapi.dll
0x000007fefaa60000 - 0x000007fefaa75000 	C:\Windows\system32\napinsp.dll
0x000007fef6240000 - 0x000007fef6259000 	C:\Windows\system32\pnrpnsp.dll
0x000007fefc4a0000 - 0x000007fefc4fb000 	C:\Windows\system32\DNSAPI.dll
0x000007fefab90000 - 0x000007fefab9b000 	C:\Windows\System32\winrnr.dll
0x000007fefaa50000 - 0x000007fefaa60000 	C:\Windows\system32\wshbth.dll
0x000007fefc000000 - 0x000007fefc007000 	C:\Windows\System32\wshtcpip.dll
0x000007fefa580000 - 0x000007fefa5a7000 	C:\Windows\system32\IPHLPAPI.DLL
0x000007fefa570000 - 0x000007fefa57b000 	C:\Windows\system32\WINNSI.DLL
0x000007fef56f0000 - 0x000007fef56f8000 	C:\Windows\system32\rasadhlp.dll
0x000007fefa420000 - 0x000007fefa473000 	C:\Windows\System32\fwpuclnt.dll
0x00000000647e0000 - 0x00000000647f1000 	C:\Program Files\Java\jdk1.8.0_101\jre\bin\nio.dll
0x000007fefc680000 - 0x000007fefc697000 	C:\Windows\system32\CRYPTSP.dll
0x000007fefc380000 - 0x000007fefc3c7000 	C:\Windows\system32\rsaenh.dll
0x000007fefd170000 - 0x000007fefd18e000 	C:\Windows\system32\USERENV.dll
0x000007fefcce0000 - 0x000007fefccef000 	C:\Windows\system32\CRYPTBASE.dll
0x000007fefa1d0000 - 0x000007fefa1e1000 	C:\Windows\system32\dhcpcsvc6.DLL
0x000007fefa390000 - 0x000007fefa3a8000 	C:\Windows\system32\dhcpcsvc.DLL
0x0000000064570000 - 0x0000000064594000 	C:\Program Files\Java\jdk1.8.0_101\jre\bin\sunec.dll
0x0000000064510000 - 0x000000006451b000 	C:\Program Files\Java\jdk1.8.0_101\jre\bin\sunmscapi.dll
0x000007fefcff0000 - 0x000007fefd15c000 	C:\Windows\system32\CRYPT32.dll
0x000007fefce50000 - 0x000007fefce5f000 	C:\Windows\system32\MSASN1.dll

VM Arguments:
jvm_args: -Dspring.output.ansi.enabled=always -Didea.launcher.port=7533 -Didea.launcher.bin.path=C:\Program Files (x86)\JetBrains\IntelliJ IDEA 2016.2.2\bin -Dfile.encoding=UTF-8 
java_command: com.intellij.rt.execution.application.AppMain content.com.ua.Application
java_class_path (initial): C:\Program Files\Java\jdk1.8.0_101\jre\lib\charsets.jar;C:\Program Files\Java\jdk1.8.0_101\jre\lib\deploy.jar;C:\Program Files\Java\jdk1.8.0_101\jre\lib\ext\access-bridge-64.jar;C:\Program Files\Java\jdk1.8.0_101\jre\lib\ext\cldrdata.jar;C:\Program Files\Java\jdk1.8.0_101\jre\lib\ext\dnsns.jar;C:\Program Files\Java\jdk1.8.0_101\jre\lib\ext\jaccess.jar;C:\Program Files\Java\jdk1.8.0_101\jre\lib\ext\jfxrt.jar;C:\Program Files\Java\jdk1.8.0_101\jre\lib\ext\localedata.jar;C:\Program Files\Java\jdk1.8.0_101\jre\lib\ext\nashorn.jar;C:\Program Files\Java\jdk1.8.0_101\jre\lib\ext\sunec.jar;C:\Program Files\Java\jdk1.8.0_101\jre\lib\ext\sunjce_provider.jar;C:\Program Files\Java\jdk1.8.0_101\jre\lib\ext\sunmscapi.jar;C:\Program Files\Java\jdk1.8.0_101\jre\lib\ext\sunpkcs11.jar;C:\Program Files\Java\jdk1.8.0_101\jre\lib\ext\zipfs.jar;C:\Program Files\Java\jdk1.8.0_101\jre\lib\javaws.jar;C:\Program Files\Java\jdk1.8.0_101\jre\lib\jce.jar;C:\Program Files\Java\jdk1.8.0_101\jre\lib\jfr.jar;C:\Program Files\Java\jdk1.8.0_101\jre\lib\jfxswt.jar;C:\Program Files\Java\jdk1.8.0_101\jre\lib\jsse.jar;C:\Program Files\Java\jdk1.8.0_101\jre\lib\management-agent.jar;C:\Program Files\Java\jdk1.8.0_101\jre\lib\plugin.jar;C:\Program Files\Java\jdk1.8.0_101\jre\lib\resources.jar;C:\Program Files\Java\jdk1.8.0_101\jre\lib\rt.jar;C:\Users\uzer\IdeaProjects\ContentOrdersYura\ContentOrders\target\classes;C:\Users\uzer\.m2\repository\com\amazonaws\aws-java-sdk\1.11.52\aws-java-sdk-1.11.52.jar;C:\Users\uzer\.m2\repository\com\amazonaws\aws-java-sdk-support\1.11.52\aws-java-sdk-support-1.11.52.jar;C:\Users\uzer\.m2\repository\com\amazonaws\aws-java-sdk-core\1.11.52\aws-java-sdk-core-1.11.52.jar;C:\Users\uzer\.m2\repository\com\amazonaws\jmespath-java\1.0\jmespath-java-1.0.jar;C:\Users\uzer\.m2\repository\com\fasterxml\jackson\core\jackson-databind\2.6.6\jackson-databind-2.6.6.jar;C:\Users\uzer\.m2\repository\com\amazonaws\aws-java-sdk-simpledb\1.11.52\aws-java-sdk-simpled
Launcher Type: SUN_STANDARD

Environment Variables:
JAVA_HOME=C:\Program Files\Java\jdk1.8.0_101
PATH=C:\Program Files\Java\jdk1.8.0_101\bin;C:\Program Files (x86)\PC Connectivity Solution\;C:\Program Files (x86)\AMD APP\bin\x86_64;C:\Program Files (x86)\AMD APP\bin\x86;C:\Windows\system32;C:\Windows;C:\Windows\System32\Wbem;C:\Windows\System32\WindowsPowerShell\v1.0\;C:\Program Files (x86)\Common Files\Acronis\SnapAPI\;C:\Program Files (x86)\ATI Technologies\ATI.ACE\Core-Static;C:\Program Files (x86)\Skype\Phone\;C:\Program Files\Git\cmd\;C:\Program Files\apache-maven-3.3.9\bin;C:\Program Files (x86)\MySQL\MySQL Fabric 1.5 & MySQL Utilities 1.5\;C:\Program Files (x86)\MySQL\MySQL Fabric 1.5 & MySQL Utilities 1.5\Doctrine extensions for PHP\
USERNAME=uzer
OS=Windows_NT
PROCESSOR_IDENTIFIER=Intel64 Family 6 Model 23 Stepping 10, GenuineIntel



---------------  S Y S T E M  ---------------

OS: Windows 7 , 64 bit Build 7601 (6.1.7601.18409)

CPU:total 2 (2 cores per cpu, 1 threads per core) family 6 model 23 stepping 10, cmov, cx8, fxsr, mmx, sse, sse2, sse3, ssse3, sse4.1, tsc

Memory: 4k page, physical 4094864k(104800k free), swap 5117000k(3924k free)

vm_info: Java HotSpot(TM) 64-Bit Server VM (25.101-b13) for windows-amd64 JRE (1.8.0_101-b13), built on Jun 22 2016 01:21:29 by "java_re" with MS VC++ 10.0 (VS2010)

time: Mon Nov 14 12:37:22 2016
elapsed time: 292 seconds (0d 0h 4m 52s)

