#
# There is insufficient memory for the Java Runtime Environment to continue.
# Native memory allocation (malloc) failed to allocate 32744 bytes for ChunkPool::allocate
# Possible reasons:
#   The system is out of physical RAM or swap space
#   In 32 bit mode, the process size limit was hit
# Possible solutions:
#   Reduce memory load on the system
#   Increase physical memory or swap space
#   Check if swap backing store is full
#   Use 64 bit Java on a 64 bit OS
#   Decrease Java heap size (-Xmx/-Xms)
#   Decrease number of Java threads
#   Decrease Java thread stack sizes (-Xss)
#   Set larger code cache with -XX:ReservedCodeCacheSize=
# This output file may be truncated or incomplete.
#
#  Out of Memory Error (allocation.cpp:273), pid=5620, tid=0x0000000000001584
#
# JRE version: Java(TM) SE Runtime Environment (8.0_101-b13) (build 1.8.0_101-b13)
# Java VM: Java HotSpot(TM) 64-Bit Server VM (25.101-b13 mixed mode windows-amd64 compressed oops)
# Failed to write core dump. Minidumps are not enabled by default on client versions of Windows
#

---------------  T H R E A D  ---------------

Current thread (0x0000000054d8c000):  JavaThread "C1 CompilerThread1" daemon [_thread_in_native, id=5508, stack(0x0000000055f40000,0x0000000056040000)]

Stack: [0x0000000055f40000,0x0000000056040000]
[error occurred during error reporting (printing stack bounds), id 0xc0000005]

Native frames: (J=compiled Java code, j=interpreted, Vv=VM code, C=native code)


Current CompileTask:
C1:  30093 4852       2       java.lang.Class::isEnum (27 bytes)


---------------  P R O C E S S  ---------------

Java Threads: ( => current thread )
  0x00000000572f0800 JavaThread "container-0" [_thread_blocked, id=3508, stack(0x000000005d4b0000,0x000000005d5b0000)]
  0x00000000572ef000 JavaThread "ContainerBackgroundProcessor[StandardEngine[Tomcat].StandardHost[localhost].StandardContext[]]" daemon [_thread_blocked, id=6068, stack(0x000000005b050000,0x000000005b150000)]
  0x00000000572f0000 JavaThread "Abandoned connection cleanup thread" daemon [_thread_blocked, id=4868, stack(0x000000005cb70000,0x000000005cc70000)]
  0x0000000059f74800 JavaThread "localhost-startStop-1" daemon [_thread_blocked, id=6084, stack(0x0000000058810000,0x0000000058910000)]
  0x0000000059f73800 JavaThread "Tomcat-startStop-1" daemon [_thread_blocked, id=700, stack(0x000000005a7e0000,0x000000005a8e0000)]
  0x0000000056b6a800 JavaThread "Monitor Ctrl-Break" daemon [_thread_in_native, id=4816, stack(0x0000000056fe0000,0x00000000570e0000)]
  0x000000005605d800 JavaThread "Service Thread" daemon [_thread_blocked, id=5720, stack(0x00000000564e0000,0x00000000565e0000)]
=>0x0000000054d8c000 JavaThread "C1 CompilerThread1" daemon [_thread_in_native, id=5508, stack(0x0000000055f40000,0x0000000056040000)]
  0x0000000054d85000 JavaThread "C2 CompilerThread0" daemon [_thread_in_native, id=728, stack(0x0000000055db0000,0x0000000055eb0000)]
  0x0000000054d83800 JavaThread "Attach Listener" daemon [_thread_blocked, id=5820, stack(0x00000000559b0000,0x0000000055ab0000)]
  0x0000000054d82800 JavaThread "Signal Dispatcher" daemon [_thread_blocked, id=5476, stack(0x0000000055b10000,0x0000000055c10000)]
  0x0000000054d68000 JavaThread "Finalizer" daemon [_thread_blocked, id=1756, stack(0x00000000558b0000,0x00000000559b0000)]
  0x0000000054d1f000 JavaThread "Reference Handler" daemon [_thread_blocked, id=6060, stack(0x0000000055760000,0x0000000055860000)]
  0x00000000020d7000 JavaThread "main" [_thread_in_vm, id=2060, stack(0x0000000002510000,0x0000000002610000)]

Other Threads:
  0x0000000054d17000 VMThread [stack: 0x0000000055590000,0x0000000055690000] [id=4040]
  0x0000000056081800 WatcherThread [stack: 0x00000000565e0000,0x00000000566e0000] [id=1880]

VM state:not at safepoint (normal execution)

VM Mutex/Monitor currently owned by a thread: None

Heap:
 PSYoungGen      total 217600K, used 155782K [0x00000000eb300000, 0x00000000fe880000, 0x0000000100000000)
  eden space 208384K, 74% used [0x00000000eb300000,0x00000000f4b21ae8,0x00000000f7e80000)
  from space 9216K, 0% used [0x00000000f7e80000,0x00000000f7e80000,0x00000000f8780000)
  to   space 18944K, 0% used [0x00000000fd600000,0x00000000fd600000,0x00000000fe880000)
 ParOldGen       total 42496K, used 42492K [0x00000000c1800000, 0x00000000c4180000, 0x00000000eb300000)
  object space 42496K, 99% used [0x00000000c1800000,0x00000000c417f370,0x00000000c4180000)
 Metaspace       used 43649K, capacity 43966K, committed 44416K, reserved 1087488K
  class space    used 5628K, capacity 5726K, committed 5760K, reserved 1048576K

Card table byte_map: [0x0000000011ca0000,0x0000000011ea0000] byte_map_base: 0x0000000011694000

Marking Bits: (ParMarkBitMap*) 0x000000005baea6d0
 Begin Bits: [0x00000000122a0000, 0x0000000013240000)
 End Bits:   [0x0000000013240000, 0x00000000141e0000)

Polling page: 0x0000000000330000

CodeCache: size=245760Kb used=13596Kb max_used=13596Kb free=232163Kb
 bounds [0x00000000028e0000, 0x0000000003640000, 0x00000000118e0000]
 total_blobs=4750 nmethods=4250 adapters=414
 compilation: enabled

Compilation events (10 events):
Event: 29.975 Thread 0x0000000054d8c000 nmethod 4847 0x000000000362dd50 code [0x000000000362dec0, 0x000000000362e048]
Event: 29.983 Thread 0x0000000054d8c000 4848       2       ch.qos.logback.core.pattern.DynamicConverter::getFirstOption (35 bytes)
Event: 29.983 Thread 0x0000000054d8c000 nmethod 4848 0x000000000362e0d0 code [0x000000000362e240, 0x000000000362e458]
Event: 29.996 Thread 0x0000000054d8c000 4849   !   2       org.apache.catalina.loader.WebappClassLoaderBase::checkStateForClassLoading (23 bytes)
Event: 29.997 Thread 0x0000000054d8c000 nmethod 4849 0x000000000362e510 code [0x000000000362e680, 0x000000000362e8c8]
Event: 29.997 Thread 0x0000000054d8c000 4850   !   2       org.apache.catalina.loader.WebappClassLoaderBase::findClassInternal (452 bytes)
Event: 30.001 Thread 0x0000000054d8c000 nmethod 4850 0x000000000362e9d0 code [0x000000000362ed80, 0x0000000003630238]
Event: 30.048 Thread 0x0000000054d8c000 4851       2       java.lang.Class::copyFields (36 bytes)
Event: 30.049 Thread 0x0000000054d8c000 nmethod 4851 0x0000000003632650 code [0x00000000036327e0, 0x0000000003632c38]
Event: 30.064 Thread 0x0000000054d8c000 4852       2       java.lang.Class::isEnum (27 bytes)

GC Heap History (10 events):
Event: 13.845 GC heap before
{Heap before GC invocations=10 (full 1):
 PSYoungGen      total 137728K, used 6625K [0x00000000eb300000, 0x00000000f9100000, 0x0000000100000000)
  eden space 131072K, 0% used [0x00000000eb300000,0x00000000eb300000,0x00000000f3300000)
  from space 6656K, 99% used [0x00000000f3300000,0x00000000f3978730,0x00000000f3980000)
  to   space 8704K, 0% used [0x00000000f8880000,0x00000000f8880000,0x00000000f9100000)
 ParOldGen       total 44032K, used 14140K [0x00000000c1800000, 0x00000000c4300000, 0x00000000eb300000)
  object space 44032K, 32% used [0x00000000c1800000,0x00000000c25cf1a0,0x00000000c4300000)
 Metaspace       used 20894K, capacity 21066K, committed 21296K, reserved 1069056K
  class space    used 2608K, capacity 2652K, committed 2688K, reserved 1048576K
Event: 13.997 GC heap after
Heap after GC invocations=10 (full 1):
 PSYoungGen      total 137728K, used 0K [0x00000000eb300000, 0x00000000f9100000, 0x0000000100000000)
  eden space 131072K, 0% used [0x00000000eb300000,0x00000000eb300000,0x00000000f3300000)
  from space 6656K, 0% used [0x00000000f3300000,0x00000000f3300000,0x00000000f3980000)
  to   space 8704K, 0% used [0x00000000f8880000,0x00000000f8880000,0x00000000f9100000)
 ParOldGen       total 42496K, used 17189K [0x00000000c1800000, 0x00000000c4180000, 0x00000000eb300000)
  object space 42496K, 40% used [0x00000000c1800000,0x00000000c28c9798,0x00000000c4180000)
 Metaspace       used 20894K, capacity 21066K, committed 21296K, reserved 1069056K
  class space    used 2608K, capacity 2652K, committed 2688K, reserved 1048576K
}
Event: 18.004 GC heap before
{Heap before GC invocations=11 (full 1):
 PSYoungGen      total 137728K, used 131072K [0x00000000eb300000, 0x00000000f9100000, 0x0000000100000000)
  eden space 131072K, 100% used [0x00000000eb300000,0x00000000f3300000,0x00000000f3300000)
  from space 6656K, 0% used [0x00000000f3300000,0x00000000f3300000,0x00000000f3980000)
  to   space 8704K, 0% used [0x00000000f8880000,0x00000000f8880000,0x00000000f9100000)
 ParOldGen       total 42496K, used 17189K [0x00000000c1800000, 0x00000000c4180000, 0x00000000eb300000)
  object space 42496K, 40% used [0x00000000c1800000,0x00000000c28c9798,0x00000000c4180000)
 Metaspace       used 26872K, capacity 27110K, committed 27520K, reserved 1073152K
  class space    used 3351K, capacity 3398K, committed 3456K, reserved 1048576K
Event: 18.096 GC heap after
Heap after GC invocations=11 (full 1):
 PSYoungGen      total 199680K, used 7910K [0x00000000eb300000, 0x00000000f9080000, 0x0000000100000000)
  eden space 191488K, 0% used [0x00000000eb300000,0x00000000eb300000,0x00000000f6e00000)
  from space 8192K, 96% used [0x00000000f8880000,0x00000000f9039a68,0x00000000f9080000)
  to   space 9216K, 0% used [0x00000000f7e80000,0x00000000f7e80000,0x00000000f8780000)
 ParOldGen       total 42496K, used 17189K [0x00000000c1800000, 0x00000000c4180000, 0x00000000eb300000)
  object space 42496K, 40% used [0x00000000c1800000,0x00000000c28c9798,0x00000000c4180000)
 Metaspace       used 26872K, capacity 27110K, committed 27520K, reserved 1073152K
  class space    used 3351K, capacity 3398K, committed 3456K, reserved 1048576K
}
Event: 20.882 GC heap before
{Heap before GC invocations=12 (full 1):
 PSYoungGen      total 199680K, used 199398K [0x00000000eb300000, 0x00000000f9080000, 0x0000000100000000)
  eden space 191488K, 100% used [0x00000000eb300000,0x00000000f6e00000,0x00000000f6e00000)
  from space 8192K, 96% used [0x00000000f8880000,0x00000000f9039a68,0x00000000f9080000)
  to   space 9216K, 0% used [0x00000000f7e80000,0x00000000f7e80000,0x00000000f8780000)
 ParOldGen       total 42496K, used 17189K [0x00000000c1800000, 0x00000000c4180000, 0x00000000eb300000)
  object space 42496K, 40% used [0x00000000c1800000,0x00000000c28c9798,0x00000000c4180000)
 Metaspace       used 28943K, capacity 29196K, committed 29568K, reserved 1075200K
  class space    used 3605K, capacity 3671K, committed 3712K, reserved 1048576K
Event: 20.979 GC heap after
Heap after GC invocations=12 (full 1):
 PSYoungGen      total 217600K, used 9195K [0x00000000eb300000, 0x00000000fe880000, 0x0000000100000000)
  eden space 208384K, 0% used [0x00000000eb300000,0x00000000eb300000,0x00000000f7e80000)
  from space 9216K, 99% used [0x00000000f7e80000,0x00000000f877af80,0x00000000f8780000)
  to   space 18944K, 0% used [0x00000000fd600000,0x00000000fd600000,0x00000000fe880000)
 ParOldGen       total 42496K, used 40712K [0x00000000c1800000, 0x00000000c4180000, 0x00000000eb300000)
  object space 42496K, 95% used [0x00000000c1800000,0x00000000c3fc22a8,0x00000000c4180000)
 Metaspace       used 28943K, capacity 29196K, committed 29568K, reserved 1075200K
  class space    used 3605K, capacity 3671K, committed 3712K, reserved 1048576K
}
Event: 20.979 GC heap before
{Heap before GC invocations=13 (full 2):
 PSYoungGen      total 217600K, used 9195K [0x00000000eb300000, 0x00000000fe880000, 0x0000000100000000)
  eden space 208384K, 0% used [0x00000000eb300000,0x00000000eb300000,0x00000000f7e80000)
  from space 9216K, 99% used [0x00000000f7e80000,0x00000000f877af80,0x00000000f8780000)
  to   space 18944K, 0% used [0x00000000fd600000,0x00000000fd600000,0x00000000fe880000)
 ParOldGen       total 42496K, used 40712K [0x00000000c1800000, 0x00000000c4180000, 0x00000000eb300000)
  object space 42496K, 95% used [0x00000000c1800000,0x00000000c3fc22a8,0x00000000c4180000)
 Metaspace       used 28943K, capacity 29196K, committed 29568K, reserved 1075200K
  class space    used 3605K, capacity 3671K, committed 3712K, reserved 1048576K
Event: 21.416 GC heap after
Heap after GC invocations=13 (full 2):
 PSYoungGen      total 217600K, used 0K [0x00000000eb300000, 0x00000000fe880000, 0x0000000100000000)
  eden space 208384K, 0% used [0x00000000eb300000,0x00000000eb300000,0x00000000f7e80000)
  from space 9216K, 0% used [0x00000000f7e80000,0x00000000f7e80000,0x00000000f8780000)
  to   space 18944K, 0% used [0x00000000fd600000,0x00000000fd600000,0x00000000fe880000)
 ParOldGen       total 42496K, used 41950K [0x00000000c1800000, 0x00000000c4180000, 0x00000000eb300000)
  object space 42496K, 98% used [0x00000000c1800000,0x00000000c40f7918,0x00000000c4180000)
 Metaspace       used 28943K, capacity 29196K, committed 29568K, reserved 1075200K
  class space    used 3605K, capacity 3671K, committed 3712K, reserved 1048576K
}
Event: 26.688 GC heap before
{Heap before GC invocations=14 (full 3):
 PSYoungGen      total 217600K, used 208384K [0x00000000eb300000, 0x00000000fe880000, 0x0000000100000000)
  eden space 208384K, 100% used [0x00000000eb300000,0x00000000f7e80000,0x00000000f7e80000)
  from space 9216K, 0% used [0x00000000f7e80000,0x00000000f7e80000,0x00000000f8780000)
  to   space 18944K, 0% used [0x00000000fd600000,0x00000000fd600000,0x00000000fe880000)
 ParOldGen       total 42496K, used 41950K [0x00000000c1800000, 0x00000000c4180000, 0x00000000eb300000)
  object space 42496K, 98% used [0x00000000c1800000,0x00000000c40f7918,0x00000000c4180000)
 Metaspace       used 39414K, capacity 39712K, committed 40192K, reserved 1085440K
  class space    used 4993K, capacity 5081K, committed 5120K, reserved 1048576K
Event: 27.249 GC heap after
Heap after GC invocations=14 (full 3):
 PSYoungGen      total 217600K, used 8613K [0x00000000eb300000, 0x00000000fe880000, 0x0000000100000000)
  eden space 208384K, 4% used [0x00000000eb300000,0x00000000ebb69778,0x00000000f7e80000)
  from space 9216K, 0% used [0x00000000f7e80000,0x00000000f7e80000,0x00000000f8780000)
  to   space 18944K, 0% used [0x00000000fd600000,0x00000000fd600000,0x00000000fe880000)
 ParOldGen       total 42496K, used 42492K [0x00000000c1800000, 0x00000000c4180000, 0x00000000eb300000)
  object space 42496K, 99% used [0x00000000c1800000,0x00000000c417f370,0x00000000c4180000)
 Metaspace       used 39414K, capacity 39712K, committed 40192K, reserved 1085440K
  class space    used 4993K, capacity 5081K, committed 5120K, reserved 1048576K
}

Deoptimization events (10 events):
Event: 27.975 Thread 0x0000000059f74800 Uncommon trap: reason=bimorphic action=maybe_recompile pc=0x00000000035ca6e0 method=java.util.concurrent.ConcurrentHashMap.putVal(Ljava/lang/Object;Ljava/lang/Object;Z)Ljava/lang/Object; @ 192
Event: 27.975 Thread 0x0000000059f74800 Uncommon trap: reason=bimorphic action=maybe_recompile pc=0x00000000035ca6e0 method=java.util.concurrent.ConcurrentHashMap.putVal(Ljava/lang/Object;Ljava/lang/Object;Z)Ljava/lang/Object; @ 192
Event: 27.975 Thread 0x0000000059f74800 Uncommon trap: reason=bimorphic action=maybe_recompile pc=0x00000000035ca6e0 method=java.util.concurrent.ConcurrentHashMap.putVal(Ljava/lang/Object;Ljava/lang/Object;Z)Ljava/lang/Object; @ 192
Event: 28.038 Thread 0x0000000059f74800 Uncommon trap: reason=unstable_if action=reinterpret pc=0x0000000002e28ff0 method=org.springframework.beans.factory.support.AbstractBeanFactory.isTypeMatch(Ljava/lang/String;Lorg/springframework/core/ResolvableType;)Z @ 24
Event: 28.046 Thread 0x0000000059f74800 Uncommon trap: reason=unstable_if action=reinterpret pc=0x0000000003427030 method=java.util.HashMap.putMapEntries(Ljava/util/Map;Z)V @ 53
Event: 29.078 Thread 0x0000000059f74800 Uncommon trap: reason=class_check action=maybe_recompile pc=0x0000000003178338 method=java.util.regex.Matcher.search(I)Z @ 86
Event: 29.083 Thread 0x0000000059f74800 Uncommon trap: reason=class_check action=maybe_recompile pc=0x0000000002bfb0cc method=java.util.regex.Matcher.search(I)Z @ 86
Event: 29.094 Thread 0x0000000059f74800 Uncommon trap: reason=class_check action=maybe_recompile pc=0x000000000300df10 method=java.util.regex.Pattern$Curly.match(Ljava/util/regex/Matcher;ILjava/lang/CharSequence;)Z @ 19
Event: 29.204 Thread 0x0000000059f74800 Uncommon trap: reason=class_check action=maybe_recompile pc=0x000000000300df10 method=java.util.regex.Pattern$Curly.match(Ljava/util/regex/Matcher;ILjava/lang/CharSequence;)Z @ 19
Event: 29.345 Thread 0x0000000059f74800 Uncommon trap: reason=unstable_if action=reinterpret pc=0x0000000003357c1c method=org.springframework.aop.framework.autoproxy.AbstractAutoProxyCreator.predictBeanType(Ljava/lang/Class;Ljava/lang/String;)Ljava/lang/Class; @ 9

Internal exceptions (10 events):
Event: 29.978 Thread 0x0000000059f74800 Exception <a 'java/lang/ClassNotFoundException': org/springframework/security/web/authentication/UsernamePasswordAuthenticationFilterCustomizer> (0x00000000f4335b58) thrown at [C:\re\workspace\8-2-build-windows-amd64-cygwin\jdk8u101\7261\hotspot\src\share\”/´"µþ=@
Event: 29.995 Thread 0x0000000059f74800 Exception <a 'java/lang/ClassNotFoundException': java/lang/ObjectCustomizer> (0x00000000f4471fb8) thrown at [C:\re\workspace\8-2-build-windows-amd64-cygwin\jdk8u101\7261\hotspot\src\share\vm\classfile\systemDictionary.cpp, line 210]
Event: 29.997 Thread 0x0000000059f74800 Exception <a 'java/lang/ClassNotFoundException': org/springframework/web/filter/GenericFilterBeanCustomizer> (0x00000000f449eb10) thrown at [C:\re\workspace\8-2-build-windows-amd64-cygwin\jdk8u101\7261\hotspot\src\share\vm\classfile\systemDictionary.cpp, lÊÛQñîÿ=@
Event: 30.000 Thread 0x0000000059f74800 Exception <a 'java/lang/ClassNotFoundException': org/springframework/security/web/FilterChainProxyCustomizer> (0x00000000f44cf4b0) thrown at [C:\re\workspace\8-2-build-windows-amd64-cygwin\jdk8u101\7261\hotspot\src\share\vm\classfile\systemDictionary.cpp,  ï9*þ>@
Event: 30.035 Thread 0x00000000020d7000 Exception <a 'java/lang/ClassNotFoundException': java/lang/ObjectCustomizer> (0x00000000f46584b8) thrown at [C:\re\workspace\8-2-build-windows-amd64-cygwin\jdk8u101\7261\hotspot\src\share\vm\classfile\systemDictionary.cpp, line 210]
Event: 30.037 Thread 0x00000000020d7000 Exception <a 'java/lang/ClassNotFoundException': org/springframework/security/context/DelegatingApplicationListenerCustomizer> (0x00000000f468d830) thrown at [C:\re\workspace\8-2-build-windows-amd64-cygwin\jdk8u101\7261\hotspot\src\share\vm\classfile\systeæ;˜×>@
Event: 30.046 Thread 0x00000000020d7000 Exception <a 'java/lang/ClassNotFoundException': java/lang/ObjectCustomizer> (0x00000000f46db320) thrown at [C:\re\workspace\8-2-build-windows-amd64-cygwin\jdk8u101\7261\hotspot\src\share\vm\classfile\systemDictionary.cpp, line 210]
Event: 30.048 Thread 0x00000000020d7000 Exception <a 'java/lang/ClassNotFoundException': org/springframework/context/event/EventListenerMethodProcessorCustomizer> (0x00000000f470e640) thrown at [C:\re\workspace\8-2-build-windows-amd64-cygwin\jdk8u101\7261\hotspot\src\share\vm\classfile\systemDicm7G>@
Event: 30.052 Thread 0x00000000020d7000 Exception <a 'java/lang/ClassNotFoundException': java/lang/ObjectCustomizer> (0x00000000f4723220) thrown at [C:\re\workspace\8-2-build-windows-amd64-cygwin\jdk8u101\7261\hotspot\src\share\vm\classfile\systemDictionary.cpp, line 210]
Event: 30.053 Thread 0x00000000020d7000 Exception <a 'java/lang/ClassNotFoundException': org/springframework/context/event/DefaultEventListenerFactoryCustomizer> (0x00000000f4755ab8) thrown at [C:\re\workspace\8-2-build-windows-amd64-cygwin\jdk8u101\7261\hotspot\src\share\vm\classfile\systemDictÂPQFú=@

Events (10 events):
Event: 30.057 loading class org/springframework/web/multipart/MultipartFile
Event: 30.057 loading class org/springframework/web/multipart/MultipartFile done
Event: 30.058 loading class org/springframework/web/multipart/MultipartHttpServletRequest
Event: 30.058 loading class org/springframework/web/multipart/MultipartHttpServletRequest done
Event: 30.059 loading class org/springframework/web/multipart/MultipartRequest
Event: 30.059 loading class org/springframework/web/multipart/MultipartRequest done
Event: 30.060 loading class org/springframework/http/ResponseEntity
Event: 30.060 loading class org/springframework/http/ResponseEntity done
Event: 30.061 loading class org/springframework/http/HttpEntity
Event: 30.061 loading class org/springframework/http/HttpEntity done


Dynamic libraries:
0x000000013fcc0000 - 0x000000013fcf7000 	C:\Program Files\Java\jdk1.8.0_101\bin\java.exe
0x0000000077670000 - 0x0000000077819000 	C:\Windows\SYSTEM32\ntdll.dll
0x0000000077450000 - 0x000000007756f000 	C:\Windows\system32\kernel32.dll
0x000007fefd4d0000 - 0x000007fefd53c000 	C:\Windows\system32\KERNELBASE.dll
0x000007fefe050000 - 0x000007fefe12b000 	C:\Windows\system32\ADVAPI32.dll
0x000007fefdf50000 - 0x000007fefdfef000 	C:\Windows\system32\msvcrt.dll
0x000007feff550000 - 0x000007feff56f000 	C:\Windows\SYSTEM32\sechost.dll
0x000007feff570000 - 0x000007feff69d000 	C:\Windows\system32\RPCRT4.dll
0x0000000077570000 - 0x000000007766a000 	C:\Windows\system32\USER32.dll
0x000007fefded0000 - 0x000007fefdf37000 	C:\Windows\system32\GDI32.dll
0x000007fefdf40000 - 0x000007fefdf4e000 	C:\Windows\system32\LPK.dll
0x000007fefdc10000 - 0x000007fefdcd9000 	C:\Windows\system32\USP10.dll
0x000007fefbeb0000 - 0x000007fefc0a4000 	C:\Windows\WinSxS\amd64_microsoft.windows.common-controls_6595b64144ccf1df_6.0.7601.17514_none_fa396087175ac9ac\COMCTL32.dll
0x000007feff6a0000 - 0x000007feff711000 	C:\Windows\system32\SHLWAPI.dll
0x000007fefdd80000 - 0x000007fefddae000 	C:\Windows\system32\IMM32.DLL
0x000007fefddb0000 - 0x000007fefdeb9000 	C:\Windows\system32\MSCTF.dll
0x000000005e580000 - 0x000000005e652000 	C:\Program Files\Java\jdk1.8.0_101\jre\bin\msvcr100.dll
0x000000005b2d0000 - 0x000000005bb6a000 	C:\Program Files\Java\jdk1.8.0_101\jre\bin\server\jvm.dll
0x000007fefaa70000 - 0x000007fefaa79000 	C:\Windows\system32\WSOCK32.dll
0x000007feff500000 - 0x000007feff54d000 	C:\Windows\system32\WS2_32.dll
0x000007fefdec0000 - 0x000007fefdec8000 	C:\Windows\system32\NSI.dll
0x000007fef7eb0000 - 0x000007fef7eeb000 	C:\Windows\system32\WINMM.dll
0x000007fefc540000 - 0x000007fefc54c000 	C:\Windows\system32\VERSION.dll
0x0000000077830000 - 0x0000000077837000 	C:\Windows\system32\PSAPI.DLL
0x000000005b2c0000 - 0x000000005b2cf000 	C:\Program Files\Java\jdk1.8.0_101\jre\bin\verify.dll
0x000000005b290000 - 0x000000005b2b9000 	C:\Program Files\Java\jdk1.8.0_101\jre\bin\java.dll
0x000000005b240000 - 0x000000005b256000 	C:\Program Files\Java\jdk1.8.0_101\jre\bin\zip.dll
0x000007fefe360000 - 0x000007feff0e8000 	C:\Windows\system32\SHELL32.dll
0x000007fefd960000 - 0x000007fefdb63000 	C:\Windows\system32\ole32.dll
0x000007fefd4a0000 - 0x000007fefd4af000 	C:\Windows\system32\profapi.dll
0x000007fef7830000 - 0x000007fef7840000 	C:\Program Files (x86)\JetBrains\IntelliJ IDEA 2016.2.2\bin\breakgen64.dll
0x000000005b220000 - 0x000000005b23a000 	C:\Program Files\Java\jdk1.8.0_101\jre\bin\net.dll
0x000007fefcc80000 - 0x000007fefccd5000 	C:\Windows\system32\mswsock.dll
0x000007fefcc70000 - 0x000007fefcc77000 	C:\Windows\System32\wship6.dll
0x000000005b000000 - 0x000000005b00d000 	C:\Program Files\Java\jdk1.8.0_101\jre\bin\management.dll
0x000007fefad60000 - 0x000007fefad75000 	C:\Windows\system32\NLAapi.dll
0x000007fef6980000 - 0x000007fef6995000 	C:\Windows\system32\napinsp.dll
0x000007fef6920000 - 0x000007fef6939000 	C:\Windows\system32\pnrpnsp.dll
0x000007fefcb00000 - 0x000007fefcb5b000 	C:\Windows\system32\DNSAPI.dll
0x000007fef6910000 - 0x000007fef691b000 	C:\Windows\System32\winrnr.dll
0x000007fef6900000 - 0x000007fef6910000 	C:\Windows\system32\wshbth.dll
0x000007fefc660000 - 0x000007fefc667000 	C:\Windows\System32\wshtcpip.dll
0x000007fefabf0000 - 0x000007fefac17000 	C:\Windows\system32\IPHLPAPI.DLL
0x000007fefabe0000 - 0x000007fefabeb000 	C:\Windows\system32\WINNSI.DLL
0x000007fefb4f0000 - 0x000007fefb4f8000 	C:\Windows\system32\rasadhlp.dll
0x000007fefa9d0000 - 0x000007fefaa23000 	C:\Windows\System32\fwpuclnt.dll
0x000000005b200000 - 0x000000005b211000 	C:\Program Files\Java\jdk1.8.0_101\jre\bin\nio.dll
0x000007fefcce0000 - 0x000007fefccf7000 	C:\Windows\system32\CRYPTSP.dll
0x000007fefc9e0000 - 0x000007fefca27000 	C:\Windows\system32\rsaenh.dll
0x000007fefd810000 - 0x000007fefd82e000 	C:\Windows\system32\USERENV.dll
0x000007fefd340000 - 0x000007fefd34f000 	C:\Windows\system32\CRYPTBASE.dll
0x000007fefa790000 - 0x000007fefa7a1000 	C:\Windows\system32\dhcpcsvc6.DLL
0x000007fefa950000 - 0x000007fefa968000 	C:\Windows\system32\dhcpcsvc.DLL

VM Arguments:
jvm_args: -Dspring.output.ansi.enabled=always -Didea.launcher.port=7533 -Didea.launcher.bin.path=C:\Program Files (x86)\JetBrains\IntelliJ IDEA 2016.2.2\bin -Dfile.encoding=UTF-8 
java_command: com.intellij.rt.execution.application.AppMain content.com.ua.Application
java_class_path (initial): C:\Program Files\Java\jdk1.8.0_101\jre\lib\charsets.jar;C:\Program Files\Java\jdk1.8.0_101\jre\lib\deploy.jar;C:\Program Files\Java\jdk1.8.0_101\jre\lib\ext\access-bridge-64.jar;C:\Program Files\Java\jdk1.8.0_101\jre\lib\ext\cldrdata.jar;C:\Program Files\Java\jdk1.8.0_101\jre\lib\ext\dnsns.jar;C:\Program Files\Java\jdk1.8.0_101\jre\lib\ext\jaccess.jar;C:\Program Files\Java\jdk1.8.0_101\jre\lib\ext\jfxrt.jar;C:\Program Files\Java\jdk1.8.0_101\jre\lib\ext\localedata.jar;C:\Program Files\Java\jdk1.8.0_101\jre\lib\ext\nashorn.jar;C:\Program Files\Java\jdk1.8.0_101\jre\lib\ext\sunec.jar;C:\Program Files\Java\jdk1.8.0_101\jre\lib\ext\sunjce_provider.jar;C:\Program Files\Java\jdk1.8.0_101\jre\lib\ext\sunmscapi.jar;C:\Program Files\Java\jdk1.8.0_101\jre\lib\ext\sunpkcs11.jar;C:\Program Files\Java\jdk1.8.0_101\jre\lib\ext\zipfs.jar;C:\Program Files\Java\jdk1.8.0_101\jre\lib\javaws.jar;C:\Program Files\Java\jdk1.8.0_101\jre\lib\jce.jar;C:\Program Files\Java\jdk1.8.0_101\jre\lib\jfr.jar;C:\Program Files\Java\jdk1.8.0_101\jre\lib\jfxswt.jar;C:\Program Files\Java\jdk1.8.0_101\jre\lib\jsse.jar;C:\Program Files\Java\jdk1.8.0_101\jre\lib\management-agent.jar;C:\Program Files\Java\jdk1.8.0_101\jre\lib\plugin.jar;C:\Program Files\Java\jdk1.8.0_101\jre\lib\resources.jar;C:\Program Files\Java\jdk1.8.0_101\jre\lib\rt.jar;C:\Users\uzer\IdeaProjects\ContentOrdersYura\ContentOrders\target\classes;C:\Users\uzer\.m2\repository\com\amazonaws\aws-java-sdk\1.11.52\aws-java-sdk-1.11.52.jar;C:\Users\uzer\.m2\repository\com\amazonaws\aws-java-sdk-support\1.11.52\aws-java-sdk-support-1.11.52.jar;C:\Users\uzer\.m2\repository\com\amazonaws\aws-java-sdk-core\1.11.52\aws-java-sdk-core-1.11.52.jar;C:\Users\uzer\.m2\repository\com\amazonaws\jmespath-java\1.0\jmespath-java-1.0.jar;C:\Users\uzer\.m2\repository\com\fasterxml\jackson\core\jackson-databind\2.6.6\jackson-databind-2.6.6.jar;C:\Users\uzer\.m2\repository\com\amazonaws\aws-java-sdk-simpledb\1.11.52\aws-java-sdk-simpled
Launcher Type: SUN_STANDARD

Environment Variables:
JAVA_HOME=C:\Program Files\Java\jdk1.8.0_101
PATH=C:\Program Files\Java\jdk1.8.0_101\bin;C:\Program Files (x86)\PC Connectivity Solution\;C:\Program Files (x86)\AMD APP\bin\x86_64;C:\Program Files (x86)\AMD APP\bin\x86;C:\Windows\system32;C:\Windows;C:\Windows\System32\Wbem;C:\Windows\System32\WindowsPowerShell\v1.0\;C:\Program Files (x86)\Common Files\Acronis\SnapAPI\;C:\Program Files (x86)\ATI Technologies\ATI.ACE\Core-Static;C:\Program Files (x86)\Skype\Phone\;C:\Program Files\Git\cmd\;C:\Program Files\apache-maven-3.3.9\bin;C:\Program Files (x86)\MySQL\MySQL Fabric 1.5 & MySQL Utilities 1.5\;C:\Program Files (x86)\MySQL\MySQL Fabric 1.5 & MySQL Utilities 1.5\Doctrine extensions for PHP\
USERNAME=uzer
OS=Windows_NT
PROCESSOR_IDENTIFIER=Intel64 Family 6 Model 23 Stepping 10, GenuineIntel



---------------  S Y S T E M  ---------------

OS: Windows 7 , 64 bit Build 7601 (6.1.7601.18409)

CPU:total 2 (2 cores per cpu, 1 threads per core) family 6 model 23 stepping 10, cmov, cx8, fxsr, mmx, sse, sse2, sse3, ssse3, sse4.1, tsc

Memory: 4k page, physical 4094864k(90732k free), swap 5117000k(5076k free)

vm_info: Java HotSpot(TM) 64-Bit Server VM (25.101-b13) for windows-amd64 JRE (1.8.0_101-b13), built on Jun 22 2016 01:21:29 by "java_re" with MS VC++ 10.0 (VS2010)

time: Sun Nov 13 14:44:38 2016
elapsed time: 30 seconds (0d 0h 0m 30s)

